<?xml version="1.0" encoding="UTF-8"?>
<persistence version="2.1" xmlns="http://xmlns.jcp.org/xml/ns/persistence"
             xmlns:xsi="http://www.w3.org/2001/XMLSchema-instance"
             xsi:schemaLocation="http://xmlns.jcp.org/xml/ns/persistence http://xmlns.jcp.org/xml/ns/persistence/persistence_2_1.xsd">

    <persistence-unit name="sgfinancas_villefortconsulting" transaction-type="JTA">
        <jta-data-source>java:jboss/datasources/sgfinancas_villefortconsulting_pool</jta-data-source>
        <exclude-unlisted-classes>false</exclude-unlisted-classes>
        <shared-cache-mode>DISABLE_SELECTIVE</shared-cache-mode>
        <properties>
            <property name="hibernate.format_sql" value="true"/>
            <property name="hibernate.cache.region.factory_class" value="org.jboss.as.jpa.hibernate5.infinispan.InfinispanRegionFactory"/>
            <property name="hibernate.cache.infinispan.cachemanager" value="java:jboss/infinispan/hibernate"/>
            <property name="hibernate.cache.use_second_level_cache" value="true"/>
            <property name="hibernate.cache.use_query_cache" value="true"/>
            <property name="hibernate.generate_statistics" value="false"/>
            <property name="hibernate.max_fetch_depth" value="1"/>
            <property name="hibernate.use_sql_comments" value="false"/>
            <property name="hibernate.transaction.factory_class" value="org.hibernate.transaction.CMTTransactionFactory"/>            
            <property name="hibernate.cache.infinispan.use_synchronization"  value="false"/>            
            <property name="hibernate.transaction.manager_lookup_class" value="org.hibernate.transaction.JBossTransactionManagerLookup"/>
            
            <property name="hibernate.hbm2ddl.auto" value="create-drop"/>
            <property name="hibernate.show_sql" value="true"/>
            
        </properties>
    </persistence-unit>

</persistence>
